SF:lib/src/core/controllers/renderer_questionnaire_controller.dart
DA:68,12
DA:77,12
DA:78,12
DA:79,12
DA:83,0
DA:84,0
DA:85,0
DA:90,4
DA:91,12
DA:95,4
DA:96,12
DA:100,3
DA:101,6
DA:108,3
DA:109,6
DA:110,0
DA:119,12
DA:121,12
DA:122,36
DA:123,24
DA:124,17
DA:126,24
DA:127,24
LF:23
LH:19
end_of_record
SF:lib/src/core/utils/fhir_renderer_questionnaire_utils.dart
DA:29,5
DA:35,8
DA:36,4
DA:37,4
DA:38,8
DA:47,5
DA:50,8
DA:51,4
DA:52,8
DA:53,4
DA:62,5
DA:66,7
DA:67,1
DA:70,3
DA:74,2
DA:76,1
DA:78,2
DA:84,1
DA:85,2
DA:89,2
DA:90,2
DA:95,2
DA:96,2
DA:137,1
DA:141,1
DA:142,1
DA:146,1
DA:147,1
DA:151,1
DA:152,1
DA:153,1
DA:154,1
DA:155,1
DA:156,1
DA:157,1
DA:158,1
DA:159,1
DA:160,0
DA:161,0
DA:162,0
DA:163,0
DA:169,3
DA:170,2
DA:171,1
DA:172,2
DA:174,3
DA:175,2
DA:176,1
DA:177,2
DA:179,1
DA:180,1
DA:181,1
DA:182,1
DA:183,1
DA:184,1
DA:185,1
DA:186,1
DA:187,1
DA:206,1
DA:213,1
DA:214,0
DA:215,0
DA:216,0
DA:219,1
DA:220,0
DA:221,0
DA:222,0
DA:225,1
DA:226,0
DA:227,0
DA:228,0
DA:229,0
DA:230,0
DA:233,1
DA:234,1
DA:235,1
DA:238,1
DA:239,1
DA:240,2
DA:243,1
DA:244,1
DA:245,2
DA:246,0
DA:250,1
DA:251,1
DA:252,2
DA:253,2
DA:254,0
DA:257,1
DA:258,1
DA:259,1
DA:260,1
DA:261,0
DA:281,1
DA:288,1
DA:289,0
DA:290,0
DA:291,0
DA:294,1
DA:295,0
DA:296,0
DA:297,0
DA:300,1
DA:301,0
DA:302,0
DA:303,0
DA:304,0
DA:305,0
DA:308,1
DA:309,1
DA:310,1
DA:313,1
DA:314,1
DA:315,2
DA:318,1
DA:319,1
DA:320,2
DA:321,0
DA:325,1
DA:326,1
DA:327,2
DA:328,2
DA:329,0
DA:332,1
DA:333,1
DA:334,1
DA:335,1
DA:336,0
LF:128
LH:96
end_of_record
SF:lib/src/core/utils/fhir_renderer_questionnaire_response_utils.dart
DA:24,8
DA:29,8
DA:31,8
DA:33,24
DA:34,8
DA:36,16
DA:41,8
DA:43,0
DA:48,16
DA:63,2
DA:68,2
DA:70,2
DA:72,6
DA:73,2
DA:75,4
DA:76,2
DA:77,2
DA:83,2
DA:85,0
DA:90,4
DA:105,3
DA:110,3
DA:112,3
DA:114,9
DA:115,3
DA:117,6
DA:118,3
DA:119,3
DA:125,3
DA:127,0
DA:132,6
DA:147,9
DA:152,27
DA:153,9
DA:154,1
DA:155,1
DA:157,3
DA:158,1
DA:165,1
DA:167,0
DA:171,2
DA:189,2
DA:194,6
DA:195,2
DA:196,0
DA:197,0
DA:199,0
DA:200,0
DA:207,0
DA:209,0
DA:213,0
DA:227,9
DA:231,18
DA:232,11
DA:246,2
DA:250,4
DA:251,2
DA:252,8
DA:253,6
DA:258,1
DA:259,1
DA:260,1
DA:261,4
DA:262,3
DA:264,1
DA:265,0
DA:267,5
DA:268,2
DA:271,4
DA:285,3
DA:292,3
DA:293,3
DA:294,0
DA:296,3
DA:297,0
DA:299,3
DA:300,0
DA:302,3
DA:303,1
DA:304,3
DA:306,0
DA:307,0
DA:309,0
DA:310,0
DA:312,0
DA:313,0
DA:314,0
DA:315,0
DA:316,0
DA:317,0
DA:318,0
DA:323,3
DA:337,13
DA:343,19
DA:345,13
DA:346,13
DA:347,13
DA:348,10
DA:350,13
DA:351,1
DA:353,13
DA:354,8
DA:356,13
DA:357,1
DA:359,12
DA:360,9
DA:362,11
DA:363,10
DA:364,4
DA:366,9
DA:367,1
DA:369,9
DA:370,1
DA:372,9
DA:373,1
DA:375,8
DA:376,0
DA:378,8
DA:379,1
DA:381,7
DA:383,6
DA:391,6
DA:408,13
DA:411,13
DA:412,44
DA:413,10
DA:415,13
DA:416,13
DA:417,13
DA:418,13
DA:419,13
DA:421,2
DA:422,4
DA:423,0
DA:427,2
DA:443,13
DA:446,13
DA:447,39
DA:448,26
DA:451,13
DA:453,13
DA:470,1
DA:474,1
DA:475,2
DA:476,1
DA:496,13
DA:500,13
DA:501,26
DA:502,13
DA:522,13
DA:526,39
DA:528,6
DA:529,12
DA:530,4
LF:154
LH:126
end_of_record
SF:lib/src/core/utils/keyboard_type_helper.dart
DA:9,0
DA:22,6
DA:26,6
DA:34,6
DA:35,6
DA:43,6
DA:47,6
DA:51,6
DA:66,6
DA:70,6
DA:86,6
DA:91,6
DA:93,6
DA:94,12
DA:97,6
DA:98,6
DA:100,2
DA:101,4
DA:111,1
DA:112,1
LF:20
LH:19
end_of_record
SF:lib/src/core/validation/default_validation_patterns.dart
DA:9,0
DA:29,6
DA:40,6
DA:44,6
DA:46,6
DA:48,6
DA:50,6
DA:60,2
DA:62,4
DA:66,1
DA:67,1
LF:11
LH:10
end_of_record
SF:lib/src/core/mixins/text_field_value_mixin.dart
DA:17,6
DA:18,6
DA:19,4
DA:20,4
DA:21,4
DA:22,4
DA:23,2
DA:24,3
DA:25,2
DA:26,3
DA:27,2
DA:28,4
DA:30,2
DA:31,3
LF:14
LH:14
end_of_record
SF:lib/src/core/mixins/boolean_value_mixin.dart
DA:15,5
DA:19,13
DA:20,5
DA:21,4
DA:22,8
DA:23,6
DA:24,2
LF:7
LH:7
end_of_record
SF:lib/src/core/mixins/choice_base_mixin.dart
DA:14,3
DA:19,5
DA:20,2
DA:21,8
DA:22,6
DA:24,3
DA:25,2
DA:26,1
DA:27,2
DA:28,4
DA:29,3
DA:41,5
DA:42,15
DA:43,3
DA:50,5
DA:51,5
DA:53,9
DA:54,6
DA:55,9
LF:19
LH:19
end_of_record
SF:lib/src/core/mixins/open_choice_value_mixin.dart
DA:14,2
DA:15,2
DA:17,6
DA:18,4
DA:19,4
LF:5
LH:5
end_of_record
SF:lib/src/core/mixins/datetime_value_mixin.dart
DA:15,2
DA:21,2
DA:22,2
DA:23,5
DA:25,1
DA:26,1
DA:27,5
DA:28,1
DA:29,2
DA:30,2
DA:31,4
DA:32,3
DA:33,1
DA:35,1
DA:36,1
DA:37,1
DA:38,3
DA:39,1
DA:41,1
DA:46,2
DA:47,8
DA:49,2
DA:50,2
DA:51,8
DA:53,2
DA:54,2
DA:55,2
DA:56,4
DA:57,3
DA:58,1
DA:60,1
DA:61,1
DA:62,3
DA:63,1
DA:65,1
DA:70,2
DA:71,5
DA:73,4
DA:74,2
DA:75,2
DA:76,4
DA:77,4
DA:79,3
DA:80,1
DA:93,1
DA:95,1
DA:97,1
DA:111,1
DA:121,2
DA:122,2
DA:123,1
DA:126,1
DA:127,1
DA:128,2
DA:132,0
DA:136,0
DA:138,0
DA:139,0
DA:140,0
DA:142,0
DA:143,0
DA:144,0
DA:149,0
DA:150,0
DA:151,0
DA:152,0
DA:153,0
DA:154,0
DA:155,0
DA:159,0
DA:160,0
DA:161,0
DA:166,0
LF:73
LH:54
end_of_record
SF:lib/src/core/mixins/group_filtering_mixin.dart
DA:16,4
DA:20,12
DA:23,4
DA:24,4
DA:26,4
DA:28,4
LF:6
LH:6
end_of_record
SF:lib/src/core/mixins/regex_validation_mixin.dart
DA:30,5
DA:37,5
DA:44,1
DA:45,5
DA:49,1
DA:54,1
DA:57,1
DA:58,1
DA:73,0
DA:78,0
LF:10
LH:8
end_of_record
SF:lib/src/core/mixins/choice_widget_builder_mixin.dart
DA:29,4
DA:36,4
DA:38,4
DA:39,0
DA:43,4
DA:46,4
DA:47,0
DA:48,0
DA:59,12
DA:60,4
DA:63,4
DA:65,2
DA:75,4
DA:84,4
DA:88,2
DA:96,2
DA:102,2
DA:104,3
DA:106,1
DA:107,1
DA:112,2
DA:117,4
DA:125,4
DA:126,12
DA:128,4
DA:131,6
DA:133,2
DA:134,2
DA:139,4
DA:147,0
DA:155,0
DA:162,0
DA:172,0
DA:178,0
DA:179,0
DA:181,0
DA:183,0
DA:185,0
DA:186,0
DA:189,0
DA:190,0
DA:191,0
DA:193,0
DA:195,0
DA:197,0
DA:198,0
DA:202,0
DA:203,0
DA:206,0
DA:208,0
DA:209,0
DA:220,0
DA:226,0
DA:227,0
DA:230,0
DA:231,0
DA:232,0
DA:236,0
DA:238,0
DA:239,0
DA:240,0
DA:243,0
DA:244,0
DA:250,0
DA:252,0
DA:253,0
DA:254,0
DA:255,0
DA:258,0
DA:259,0
DA:260,0
DA:261,0
DA:262,0
DA:276,0
DA:282,0
DA:284,0
DA:286,0
DA:287,0
DA:288,0
DA:289,0
DA:290,0
DA:291,0
DA:292,0
DA:294,0
DA:295,0
DA:300,0
DA:302,0
DA:304,0
DA:305,0
DA:307,0
DA:308,0
DA:313,0
DA:315,0
DA:317,0
DA:320,0
DA:321,0
DA:322,0
LF:97
LH:26
end_of_record
SF:lib/src/core/extensions/fhir_extensions.dart
DA:10,14
DA:11,70
DA:22,4
DA:23,5
DA:25,3
DA:26,3
DA:27,1
DA:28,2
DA:42,4
DA:43,5
DA:46,3
DA:47,3
DA:48,1
DA:49,2
DA:69,5
DA:70,6
DA:72,3
DA:73,3
DA:75,5
LF:19
LH:19
end_of_record
SF:lib/src/ui/factories/box_component_factory.dart
DA:22,26
DA:24,3
DA:30,3
DA:37,3
DA:43,3
DA:50,4
DA:56,4
DA:63,1
DA:69,1
DA:76,2
DA:82,2
DA:89,1
DA:95,1
DA:102,4
DA:108,4
DA:115,1
DA:121,1
DA:128,1
DA:134,1
DA:141,1
DA:146,1
DA:147,1
DA:153,1
DA:159,1
LF:24
LH:24
end_of_record
SF:lib/src/ui/factories/sliver_component_factory.dart
DA:22,26
DA:24,2
DA:30,2
DA:37,2
DA:43,2
DA:50,2
DA:56,2
DA:63,1
DA:69,1
DA:76,2
DA:82,2
DA:89,1
DA:95,1
DA:102,2
DA:108,2
DA:115,1
DA:121,1
DA:128,1
DA:134,1
DA:141,1
DA:146,1
DA:147,1
DA:153,1
DA:159,1
LF:24
LH:24
end_of_record
SF:lib/src/core/data/item_behavioral_data.dart
DA:44,12
DA:57,5
DA:66,5
DA:67,5
DA:68,5
DA:69,5
DA:70,5
DA:71,0
DA:72,5
DA:73,5
LF:10
LH:9
end_of_record
SF:lib/src/ui/layout/inherited_questionnaire_renderer.dart
DA:7,12
DA:54,0
DA:55,0
DA:58,12
DA:60,12
DA:63,12
DA:64,12
DA:65,12
DA:69,8
DA:74,16
DA:75,24
DA:76,16
DA:77,16
DA:78,0
LF:14
LH:11
end_of_record
SF:lib/src/ui/components/boxes/base_decorator.dart
DA:9,89
DA:18,12
DA:20,12
DA:23,12
DA:24,12
DA:25,0
DA:27,12
DA:28,24
DA:31,12
DA:33,12
DA:34,12
DA:35,12
DA:38,26
DA:39,24
LF:14
LH:13
end_of_record
SF:lib/src/ui/components/boxes/questionnaire_attachment_item.dart
DA:21,3
DA:28,1
DA:30,1
DA:31,1
DA:32,1
DA:33,1
DA:36,3
DA:37,1
DA:38,3
DA:39,1
DA:40,1
DA:41,1
DA:43,1
DA:44,1
DA:45,1
DA:46,1
DA:48,1
DA:50,1
DA:52,1
DA:53,4
DA:54,1
DA:55,1
DA:56,1
DA:58,0
DA:68,1
DA:69,1
DA:70,0
DA:77,1
DA:78,1
DA:82,1
DA:88,1
DA:89,1
DA:93,4
DA:94,1
DA:103,0
DA:110,0
DA:111,0
DA:116,0
DA:118,0
DA:120,0
DA:121,0
DA:123,0
DA:124,0
DA:125,0
DA:126,0
DA:128,0
DA:129,0
DA:131,0
DA:132,0
DA:134,0
DA:135,0
DA:137,0
DA:141,0
DA:145,0
DA:148,0
DA:149,0
DA:151,0
DA:152,0
DA:153,0
DA:159,0
DA:165,0
DA:170,0
DA:174,0
DA:175,0
DA:176,0
DA:177,0
DA:178,0
DA:179,0
DA:183,0
DA:189,0
DA:190,0
DA:192,0
DA:195,0
DA:202,0
DA:205,0
DA:206,0
DA:207,0
DA:210,0
DA:213,0
DA:214,0
DA:215,0
DA:216,0
DA:220,0
DA:221,0
DA:223,0
DA:228,0
DA:229,0
DA:232,0
DA:235,0
DA:239,0
DA:242,0
DA:246,0
DA:248,0
DA:249,0
DA:250,0
DA:251,0
DA:252,0
DA:254,0
DA:256,0
DA:261,0
DA:264,0
DA:268,0
DA:272,0
DA:273,0
DA:274,0
DA:275,0
DA:277,0
DA:289,1
DA:294,1
DA:296,3
DA:297,3
DA:298,3
DA:305,1
DA:308,1
DA:311,1
DA:314,1
DA:317,0
DA:323,1
DA:325,1
DA:326,1
DA:327,1
DA:332,1
DA:333,1
DA:334,2
DA:336,1
DA:338,1
DA:345,1
DA:348,1
DA:349,0
DA:350,2
DA:351,3
DA:352,0
DA:353,0
DA:355,0
LF:134
LH:54
end_of_record
SF:lib/src/ui/components/questionnaire_base_item.dart
DA:15,14
DA:22,11
DA:26,11
DA:28,11
DA:31,48
DA:32,44
DA:34,4
DA:37,20
DA:40,0
DA:42,0
DA:48,5
DA:52,15
DA:53,5
DA:56,25
DA:58,5
DA:59,5
DA:60,5
DA:63,5
DA:65,10
DA:69,20
DA:71,20
DA:72,5
DA:75,20
DA:81,12
DA:84,24
DA:85,24
DA:86,6
DA:87,0
DA:88,0
DA:91,9
DA:93,12
DA:94,3
DA:97,3
DA:99,6
DA:100,6
DA:104,3
DA:109,0
DA:110,0
DA:111,0
DA:112,0
DA:113,0
DA:115,0
DA:117,0
DA:118,0
DA:129,12
DA:131,24
DA:132,12
LF:47
LH:35
end_of_record
SF:lib/src/ui/components/boxes/questionnaire_boolean_item.dart
DA:12,6
DA:19,2
DA:21,2
DA:22,4
DA:23,2
DA:24,6
DA:27,6
DA:30,3
DA:32,3
DA:33,6
DA:34,3
DA:38,6
DA:40,3
DA:41,3
DA:42,3
DA:43,3
DA:44,3
DA:48,2
DA:50,3
DA:54,2
LF:20
LH:20
end_of_record
SF:lib/src/ui/components/boxes/questionnaire_choice_item.dart
DA:11,5
DA:18,3
DA:20,7
DA:22,3
DA:23,6
DA:24,3
DA:27,3
DA:28,3
DA:29,3
DA:30,3
DA:32,3
LF:11
LH:11
end_of_record
SF:lib/src/ui/components/boxes/questionnaire_date_time_item.dart
DA:11,3
DA:18,1
DA:20,1
DA:21,2
DA:22,1
DA:26,2
DA:28,1
DA:29,1
DA:30,1
DA:31,1
DA:32,1
DA:33,1
DA:34,2
DA:37,1
DA:38,1
DA:40,1
DA:44,0
DA:45,0
DA:47,0
DA:48,0
DA:49,0
DA:50,0
DA:56,1
DA:58,1
DA:59,1
DA:61,3
DA:63,1
LF:27
LH:21
end_of_record
SF:lib/src/ui/components/boxes/questionnaire_display_item.dart
DA:6,6
DA:13,3
DA:15,3
DA:16,3
DA:17,3
LF:5
LH:5
end_of_record
SF:lib/src/ui/components/boxes/questionnaire_field_item.dart
DA:16,7
DA:23,4
DA:25,4
DA:26,4
DA:27,8
DA:30,16
DA:31,4
DA:32,4
DA:34,4
DA:35,4
DA:36,4
DA:37,4
DA:39,3
DA:41,3
DA:42,3
DA:43,3
DA:44,6
DA:46,6
DA:48,6
DA:50,6
DA:54,6
DA:58,12
DA:60,12
DA:62,12
DA:63,12
DA:65,13
DA:66,13
DA:67,4
DA:68,12
DA:69,9
LF:30
LH:30
end_of_record
SF:lib/src/ui/components/boxes/questionnaire_group_item.dart
DA:11,6
DA:18,3
DA:20,3
DA:21,6
DA:22,3
DA:25,3
DA:27,3
DA:28,9
DA:29,3
DA:30,3
DA:31,3
DA:33,3
DA:34,9
DA:39,3
DA:40,3
DA:41,0
DA:43,9
DA:47,3
DA:48,3
DA:49,6
DA:50,3
DA:52,9
LF:22
LH:21
end_of_record
SF:lib/src/ui/components/boxes/questionnaire_item_wrapper.dart
DA:16,6
DA:24,4
DA:26,8
DA:27,4
DA:28,4
DA:29,4
DA:30,6
DA:32,15
DA:34,4
DA:35,3
DA:36,0
DA:37,0
DA:38,0
DA:39,0
DA:40,0
DA:41,0
DA:43,0
DA:44,0
DA:46,0
DA:47,0
DA:48,0
DA:49,0
DA:52,0
DA:56,15
DA:58,4
DA:59,4
DA:60,4
DA:61,0
DA:62,0
DA:63,0
DA:64,0
DA:65,0
DA:66,0
DA:67,0
DA:69,0
DA:70,0
DA:73,0
DA:74,0
DA:75,0
DA:78,0
DA:82,0
DA:84,4
DA:85,4
DA:87,0
DA:90,0
DA:91,0
DA:93,0
DA:95,0
DA:97,0
DA:98,0
DA:99,0
DA:100,0
DA:101,0
DA:105,0
DA:108,0
DA:113,20
DA:115,4
DA:116,2
DA:117,0
DA:118,0
DA:119,0
DA:120,0
DA:121,0
DA:122,0
DA:124,0
DA:125,0
DA:128,0
DA:129,0
DA:130,0
DA:133,0
DA:137,10
DA:139,4
DA:140,0
DA:141,0
DA:142,0
DA:143,0
DA:144,0
DA:145,0
DA:146,0
DA:148,0
DA:149,0
DA:152,0
DA:153,0
DA:154,0
DA:157,0
DA:161,0
DA:162,0
DA:166,4
DA:167,4
DA:168,4
DA:169,4
DA:170,4
DA:171,0
DA:172,4
DA:173,0
DA:174,0
DA:175,0
DA:176,0
DA:178,0
DA:180,0
DA:181,0
DA:182,0
DA:184,0
DA:185,0
DA:188,0
DA:189,0
DA:190,0
DA:191,0
DA:193,0
DA:194,0
DA:198,0
DA:202,20
DA:204,0
DA:206,0
DA:207,0
DA:209,0
DA:211,0
DA:212,0
DA:215,0
DA:216,0
DA:217,0
DA:222,3
DA:225,3
DA:226,6
DA:227,3
DA:228,3
DA:229,3
DA:231,3
DA:232,3
DA:234,2
DA:236,2
DA:239,3
DA:240,3
DA:241,3
DA:242,0
DA:245,3
DA:246,3
DA:247,2
DA:248,6
DA:249,3
LF:140
LH:46
end_of_record
SF:lib/src/ui/components/boxes/questionnaire_open_choice_item.dart
DA:14,3
DA:21,1
DA:24,1
DA:25,3
DA:27,1
DA:28,1
DA:29,1
DA:33,1
DA:36,1
DA:38,1
DA:44,1
DA:46,1
DA:48,1
DA:50,1
DA:55,2
DA:64,1
DA:65,1
DA:66,3
DA:71,1
DA:76,2
DA:79,2
DA:80,2
DA:83,1
DA:84,2
DA:89,0
DA:90,0
DA:91,0
DA:93,0
DA:97,1
DA:98,1
DA:99,1
DA:102,2
DA:107,0
DA:111,0
DA:114,0
DA:115,0
DA:116,0
DA:117,0
DA:120,0
DA:121,0
DA:124,0
DA:128,0
DA:129,0
DA:133,0
DA:135,0
DA:141,1
DA:144,2
DA:149,1
DA:150,4
DA:151,1
DA:153,1
DA:156,1
DA:158,1
DA:164,0
DA:165,0
DA:168,0
DA:172,0
DA:174,0
DA:175,0
DA:176,0
DA:177,0
DA:178,0
DA:179,0
DA:181,0
DA:186,0
DA:189,0
DA:193,0
DA:197,0
DA:198,0
DA:199,0
DA:200,0
DA:202,0
LF:72
LH:36
end_of_record
SF:lib/src/ui/components/boxes/questionnaire_reference_item.dart
DA:18,3
DA:25,1
DA:27,1
DA:28,1
DA:29,1
DA:30,1
DA:34,3
DA:37,1
DA:38,2
DA:41,1
DA:42,2
DA:46,1
DA:48,1
DA:49,1
DA:50,1
DA:51,1
DA:53,1
DA:55,1
DA:57,1
DA:58,1
DA:60,1
DA:61,2
DA:62,4
DA:63,1
DA:70,1
DA:79,2
DA:82,1
DA:86,1
DA:89,1
DA:98,0
DA:100,0
DA:106,1
DA:108,1
DA:116,1
DA:123,2
DA:124,1
DA:125,2
DA:126,2
DA:127,0
DA:131,1
DA:135,1
DA:136,1
DA:137,1
DA:141,2
DA:144,1
DA:147,2
DA:149,0
DA:150,0
DA:152,0
DA:153,0
DA:154,0
DA:161,3
DA:162,2
DA:163,1
DA:164,0
DA:165,0
DA:166,0
DA:167,0
DA:170,0
DA:178,1
DA:180,1
DA:182,3
DA:183,3
DA:189,1
DA:190,1
DA:191,2
DA:192,1
DA:193,1
DA:197,1
DA:198,1
DA:199,1
DA:201,1
DA:203,1
DA:204,1
DA:205,1
DA:206,2
DA:208,1
DA:210,1
DA:212,1
DA:218,1
DA:224,1
DA:229,1
DA:231,1
DA:237,1
DA:238,1
DA:256,1
DA:262,1
DA:264,1
DA:266,1
DA:267,3
DA:269,1
DA:270,1
DA:272,1
DA:273,1
DA:274,1
DA:275,1
DA:277,1
DA:282,1
DA:283,1
LF:99
LH:86
end_of_record
SF:lib/src/ui/components/slivers/questionnaire_sliver_attachment_item.dart
DA:10,1
DA:17,0
DA:19,0
DA:21,0
DA:22,0
DA:23,0
DA:24,0
LF:7
LH:1
end_of_record
SF:lib/src/ui/components/slivers/sliver_base_decorator.dart
DA:6,2
DA:15,1
DA:17,1
DA:18,1
DA:19,1
DA:20,0
DA:22,1
DA:23,2
DA:26,1
DA:28,1
DA:29,1
DA:30,1
DA:31,1
DA:32,1
DA:33,1
DA:34,0
DA:37,0
DA:42,3
DA:43,3
LF:19
LH:16
end_of_record
SF:lib/src/ui/components/slivers/questionnaire_sliver_boolean_item.dart
DA:8,2
DA:15,1
DA:17,1
DA:18,2
DA:19,1
DA:23,2
DA:25,1
DA:26,3
DA:27,1
DA:28,1
DA:29,1
DA:30,1
DA:34,2
DA:37,1
DA:38,1
DA:42,0
LF:16
LH:15
end_of_record
SF:lib/src/ui/components/slivers/questionnaire_sliver_choice_item.dart
DA:6,2
DA:13,1
DA:17,1
DA:19,1
LF:4
LH:4
end_of_record
SF:lib/src/ui/components/slivers/questionnaire_sliver_date_time_item.dart
DA:9,1
DA:16,0
DA:18,0
DA:19,0
DA:20,0
DA:24,0
DA:26,0
DA:27,0
DA:28,0
DA:29,0
DA:30,0
DA:31,0
DA:32,0
DA:33,0
DA:36,0
DA:37,0
DA:39,0
DA:43,0
DA:44,0
DA:46,0
DA:47,0
DA:48,0
DA:49,0
DA:55,0
DA:57,0
DA:58,0
DA:60,0
DA:62,0
LF:28
LH:1
end_of_record
SF:lib/src/ui/components/slivers/questionnaire_sliver_display_item.dart
DA:6,2
DA:13,1
DA:15,1
DA:16,3
DA:17,1
LF:5
LH:5
end_of_record
SF:lib/src/ui/components/slivers/questionnaire_sliver_field_item.dart
DA:16,2
DA:23,1
DA:25,1
DA:26,1
DA:28,2
DA:31,4
DA:32,1
DA:33,1
DA:35,1
DA:36,3
DA:37,1
DA:38,1
DA:39,1
DA:41,1
DA:43,1
DA:44,1
DA:45,1
DA:46,2
DA:48,2
DA:50,2
DA:52,2
DA:56,2
DA:59,3
DA:60,3
DA:61,3
DA:62,3
DA:64,3
DA:65,3
DA:66,1
DA:68,3
DA:69,2
LF:31
LH:31
end_of_record
SF:lib/src/ui/components/slivers/questionnaire_sliver_group_item.dart
DA:9,2
DA:16,1
DA:18,1
DA:19,2
DA:21,1
DA:22,1
DA:23,1
DA:26,1
DA:27,3
DA:28,0
DA:35,1
DA:36,1
DA:37,2
DA:38,1
DA:40,3
LF:15
LH:14
end_of_record
SF:lib/src/ui/components/slivers/questionnaire_sliver_item_wrapper.dart
DA:13,2
DA:18,2
DA:20,1
DA:22,2
DA:24,2
DA:25,1
DA:26,2
DA:27,1
DA:30,2
DA:31,1
DA:32,1
DA:34,2
DA:35,1
DA:37,3
DA:41,1
DA:42,1
DA:44,0
DA:46,0
DA:47,0
DA:48,0
DA:49,0
DA:52,1
DA:53,2
DA:54,2
DA:55,2
DA:56,1
DA:57,1
LF:27
LH:22
end_of_record
SF:lib/src/ui/components/slivers/questionnaire_sliver_open_choice_item.dart
DA:7,1
DA:14,0
DA:17,0
DA:25,0
LF:4
LH:1
end_of_record
SF:lib/src/ui/components/slivers/questionnaire_sliver_reference_item.dart
DA:10,1
DA:17,0
DA:19,0
DA:21,0
DA:22,0
DA:23,0
DA:24,0
LF:7
LH:1
end_of_record
SF:lib/src/ui/layout/base_questionnaire_renderer.dart
DA:17,3
DA:68,0
DA:69,0
DA:73,3
DA:75,9
DA:76,6
DA:77,6
DA:78,3
DA:87,3
DA:88,6
DA:89,6
DA:90,3
DA:95,12
DA:96,15
DA:97,6
DA:98,0
DA:104,3
DA:107,0
DA:108,0
DA:109,0
DA:110,0
DA:118,3
DA:119,6
DA:120,4
DA:121,8
DA:122,5
DA:123,3
DA:124,1
DA:125,1
DA:126,5
DA:127,1
DA:129,1
DA:130,1
DA:131,1
DA:132,5
DA:133,1
DA:138,3
DA:140,3
DA:141,9
DA:142,12
DA:143,9
DA:144,3
DA:145,12
DA:146,9
DA:147,3
DA:150,3
DA:152,9
DA:153,3
DA:155,3
LF:49
LH:42
end_of_record
SF:lib/src/ui/renderers/list_view_renderer/questionnaire_list_view.dart
DA:9,25
DA:11,1
DA:13,1
DA:14,2
DA:15,1
DA:16,2
DA:17,1
DA:19,1
DA:22,1
DA:25,1
DA:26,0
DA:28,0
DA:32,1
DA:33,1
DA:34,2
DA:35,1
DA:36,1
DA:37,1
DA:38,3
DA:41,3
LF:20
LH:18
end_of_record
SF:lib/src/ui/renderers/list_view_renderer/questionnaire_list_view_renderer.dart
DA:29,1
DA:48,1
DA:49,1
DA:68,1
DA:70,1
DA:71,1
DA:72,3
DA:73,1
DA:74,2
DA:75,2
DA:76,2
DA:77,2
DA:78,2
DA:79,2
DA:80,2
DA:81,2
DA:82,1
DA:83,1
LF:18
LH:18
end_of_record
SF:lib/src/ui/renderers/page_view_renderer/questionnaire_page_view.dart
DA:9,25
DA:11,1
DA:13,1
DA:14,2
DA:15,1
DA:16,2
DA:17,1
DA:19,1
DA:22,1
DA:25,1
DA:26,0
DA:28,0
DA:32,1
DA:33,1
DA:34,2
DA:35,1
DA:36,1
DA:37,1
DA:38,1
DA:39,1
DA:40,1
DA:41,3
DA:44,3
LF:23
LH:21
end_of_record
SF:lib/src/ui/renderers/page_view_renderer/questionnaire_page_view_renderer.dart
DA:31,1
DA:51,1
DA:52,1
DA:72,1
DA:74,1
DA:75,1
DA:76,3
DA:77,1
DA:78,2
DA:79,2
DA:80,2
DA:81,2
DA:82,2
DA:83,2
DA:84,2
DA:85,2
DA:86,2
DA:87,1
DA:88,1
LF:19
LH:19
end_of_record
SF:lib/src/ui/renderers/slivers_view_renderer/questionnaire_slivers_view_renderer.dart
DA:30,1
DA:49,1
DA:51,1
DA:73,1
DA:75,1
DA:76,1
DA:77,3
DA:78,1
DA:79,2
DA:80,2
DA:81,2
DA:82,2
DA:83,2
DA:84,2
DA:85,2
DA:86,2
DA:87,1
DA:88,1
LF:18
LH:18
end_of_record
SF:lib/src/ui/renderers/slivers_view_renderer/questionnaire_slivers_view.dart
DA:9,25
DA:11,1
DA:13,1
DA:14,2
DA:15,1
DA:16,2
DA:17,1
DA:19,1
DA:22,1
DA:27,3
DA:28,5
DA:31,3
DA:32,2
DA:33,2
DA:34,3
DA:35,2
DA:40,1
DA:41,0
DA:43,0
DA:47,1
DA:48,2
DA:49,3
DA:50,1
DA:51,3
DA:53,1
DA:57,3
LF:26
LH:24
end_of_record
